Determining if the pthread_create exist failed with the following output:
Change Dir: /home/josh/uni/project/bluefox_cam_node/catkin_ws/build/CMakeFiles/CMakeTmp

Run Build Command:"/usr/bin/make" "cmTryCompileExec4097052807/fast"
/usr/bin/make -f CMakeFiles/cmTryCompileExec4097052807.dir/build.make CMakeFiles/cmTryCompileExec4097052807.dir/build
make[1]: Entering directory '/home/josh/uni/project/bluefox_cam_node/catkin_ws/build/CMakeFiles/CMakeTmp'
/usr/bin/cmake -E cmake_progress_report /home/josh/uni/project/bluefox_cam_node/catkin_ws/build/CMakeFiles/CMakeTmp/CMakeFiles 1
Building C object CMakeFiles/cmTryCompileExec4097052807.dir/CheckSymbolExists.c.o
/usr/bin/cc    -o CMakeFiles/cmTryCompileExec4097052807.dir/CheckSymbolExists.c.o   -c /home/josh/uni/project/bluefox_cam_node/catkin_ws/build/CMakeFiles/CMakeTmp/CheckSymbolExists.c
Linking C executable cmTryCompileExec4097052807
/usr/bin/cmake -E cmake_link_script CMakeFiles/cmTryCompileExec4097052807.dir/link.txt --verbose=1
/usr/bin/cc       CMakeFiles/cmTryCompileExec4097052807.dir/CheckSymbolExists.c.o  -o cmTryCompileExec4097052807 -rdynamic 
CMakeFiles/cmTryCompileExec4097052807.dir/CheckSymbolExists.c.o: In Funktion `main':
CheckSymbolExists.c:(.text+0x16): Nicht definierter Verweis auf `pthread_create'
collect2: error: ld returned 1 exit status
CMakeFiles/cmTryCompileExec4097052807.dir/build.make:88: recipe for target 'cmTryCompileExec4097052807' failed
make[1]: *** [cmTryCompileExec4097052807] Error 1
make[1]: Leaving directory '/home/josh/uni/project/bluefox_cam_node/catkin_ws/build/CMakeFiles/CMakeTmp'
Makefile:118: recipe for target 'cmTryCompileExec4097052807/fast' failed
make: *** [cmTryCompileExec4097052807/fast] Error 2

File /home/josh/uni/project/bluefox_cam_node/catkin_ws/build/CMakeFiles/CMakeTmp/CheckSymbolExists.c:
/* */
#include <pthread.h>

int main(int argc, char** argv)
{
  (void)argv;
#ifndef pthread_create
  return ((int*)(&pthread_create))[argc];
#else
  (void)argc;
  return 0;
#endif
}

Determining if the function pthread_create exists in the pthreads failed with the following output:
Change Dir: /home/josh/uni/project/bluefox_cam_node/catkin_ws/build/CMakeFiles/CMakeTmp

Run Build Command:"/usr/bin/make" "cmTryCompileExec3614387098/fast"
/usr/bin/make -f CMakeFiles/cmTryCompileExec3614387098.dir/build.make CMakeFiles/cmTryCompileExec3614387098.dir/build
make[1]: Entering directory '/home/josh/uni/project/bluefox_cam_node/catkin_ws/build/CMakeFiles/CMakeTmp'
/usr/bin/cmake -E cmake_progress_report /home/josh/uni/project/bluefox_cam_node/catkin_ws/build/CMakeFiles/CMakeTmp/CMakeFiles 1
Building C object CMakeFiles/cmTryCompileExec3614387098.dir/CheckFunctionExists.c.o
/usr/bin/cc   -DCHECK_FUNCTION_EXISTS=pthread_create   -o CMakeFiles/cmTryCompileExec3614387098.dir/CheckFunctionExists.c.o   -c /usr/share/cmake-3.0/Modules/CheckFunctionExists.c
Linking C executable cmTryCompileExec3614387098
/usr/bin/cmake -E cmake_link_script CMakeFiles/cmTryCompileExec3614387098.dir/link.txt --verbose=1
/usr/bin/cc   -DCHECK_FUNCTION_EXISTS=pthread_create    CMakeFiles/cmTryCompileExec3614387098.dir/CheckFunctionExists.c.o  -o cmTryCompileExec3614387098 -rdynamic -lpthreads 
/usr/bin/ld: cannot find -lpthreads
collect2: error: ld returned 1 exit status
CMakeFiles/cmTryCompileExec3614387098.dir/build.make:88: recipe for target 'cmTryCompileExec3614387098' failed
make[1]: *** [cmTryCompileExec3614387098] Error 1
make[1]: Leaving directory '/home/josh/uni/project/bluefox_cam_node/catkin_ws/build/CMakeFiles/CMakeTmp'
Makefile:118: recipe for target 'cmTryCompileExec3614387098/fast' failed
make: *** [cmTryCompileExec3614387098/fast] Error 2


